2022-08-25T22:12:21.801215+09:00 0 [System] [MY-013169] [Server] /usr/sbin/mysqld (mysqld 8.0.23) initializing of server in progress as process 41
2022-08-25T22:12:21.812048+09:00 1 [System] [MY-013576] [InnoDB] InnoDB initialization has started.
2022-08-25T22:12:22.260534+09:00 1 [System] [MY-013577] [InnoDB] InnoDB initialization has ended.
2022-08-25T22:12:23.858537+09:00 6 [Warning] [MY-010453] [Server] root@localhost is created with an empty password ! Please consider switching off the --initialize-insecure option.
2022-08-25T22:12:32.740336+09:00 0 [System] [MY-010116] [Server] /usr/sbin/mysqld (mysqld 8.0.23) starting as process 86
2022-08-25T22:12:32.761499+09:00 1 [System] [MY-013576] [InnoDB] InnoDB initialization has started.
2022-08-25T22:12:32.932617+09:00 1 [System] [MY-013577] [InnoDB] InnoDB initialization has ended.
2022-08-25T22:12:33.039977+09:00 0 [System] [MY-011323] [Server] X Plugin ready for connections. Socket: /var/run/mysqld/mysqlx.sock
2022-08-25T22:12:33.203247+09:00 0 [Warning] [MY-010068] [Server] CA certificate ca.pem is self signed.
2022-08-25T22:12:33.204061+09:00 0 [System] [MY-013602] [Server] Channel mysql_main configured to support TLS. Encrypted connections are now supported for this channel.
2022-08-25T22:12:33.206489+09:00 0 [Warning] [MY-011810] [Server] Insecure configuration for --pid-file: Location '/var/run/mysqld' in the path is accessible to all OS users. Consider choosing a different directory.
2022-08-25T22:12:33.247297+09:00 0 [System] [MY-010931] [Server] /usr/sbin/mysqld: ready for connections. Version: '8.0.23'  socket: '/var/run/mysqld/mysqld.sock'  port: 0  MySQL Community Server - GPL.
2022-08-25T22:12:41.899331+09:00 13 [System] [MY-013172] [Server] Received SHUTDOWN from user root. Shutting down mysqld (Version: 8.0.23).
2022-08-25T22:12:42.750297+09:00 0 [System] [MY-010910] [Server] /usr/sbin/mysqld: Shutdown complete (mysqld 8.0.23)  MySQL Community Server - GPL.
2022-08-25T22:12:43.144172+09:00 0 [System] [MY-010116] [Server] /usr/sbin/mysqld (mysqld 8.0.23) starting as process 1
2022-08-25T22:12:43.155433+09:00 1 [System] [MY-013576] [InnoDB] InnoDB initialization has started.
2022-08-25T22:12:43.312268+09:00 1 [System] [MY-013577] [InnoDB] InnoDB initialization has ended.
2022-08-25T22:12:43.435745+09:00 0 [System] [MY-011323] [Server] X Plugin ready for connections. Bind-address: '::' port: 33060, socket: /var/run/mysqld/mysqlx.sock
2022-08-25T22:12:43.554558+09:00 0 [Warning] [MY-010068] [Server] CA certificate ca.pem is self signed.
2022-08-25T22:12:43.555449+09:00 0 [System] [MY-013602] [Server] Channel mysql_main configured to support TLS. Encrypted connections are now supported for this channel.
2022-08-25T22:12:43.558688+09:00 0 [Warning] [MY-011810] [Server] Insecure configuration for --pid-file: Location '/var/run/mysqld' in the path is accessible to all OS users. Consider choosing a different directory.
2022-08-25T22:12:43.595185+09:00 0 [System] [MY-010931] [Server] /usr/sbin/mysqld: ready for connections. Version: '8.0.23'  socket: '/var/run/mysqld/mysqld.sock'  port: 3306  MySQL Community Server - GPL.
2022-08-25T22:24:12.890148+09:00 0 [System] [MY-013172] [Server] Received SHUTDOWN from user <via user signal>. Shutting down mysqld (Version: 8.0.23).
2022-08-25T22:24:13.841503+09:00 0 [System] [MY-010910] [Server] /usr/sbin/mysqld: Shutdown complete (mysqld 8.0.23)  MySQL Community Server - GPL.
2022-08-25T22:24:23.287962+09:00 0 [System] [MY-010116] [Server] /usr/sbin/mysqld (mysqld 8.0.23) starting as process 1
2022-08-25T22:24:23.299102+09:00 1 [System] [MY-013576] [InnoDB] InnoDB initialization has started.
2022-08-25T22:24:23.471261+09:00 1 [System] [MY-013577] [InnoDB] InnoDB initialization has ended.
2022-08-25T22:24:23.582936+09:00 0 [System] [MY-011323] [Server] X Plugin ready for connections. Bind-address: '::' port: 33060, socket: /var/run/mysqld/mysqlx.sock
2022-08-25T22:24:23.698499+09:00 0 [Warning] [MY-010068] [Server] CA certificate ca.pem is self signed.
2022-08-25T22:24:23.699252+09:00 0 [System] [MY-013602] [Server] Channel mysql_main configured to support TLS. Encrypted connections are now supported for this channel.
2022-08-25T22:24:23.702809+09:00 0 [Warning] [MY-011810] [Server] Insecure configuration for --pid-file: Location '/var/run/mysqld' in the path is accessible to all OS users. Consider choosing a different directory.
2022-08-25T22:24:23.736121+09:00 0 [System] [MY-010931] [Server] /usr/sbin/mysqld: ready for connections. Version: '8.0.23'  socket: '/var/run/mysqld/mysqld.sock'  port: 3306  MySQL Community Server - GPL.
2022-08-25T22:25:32.971134+09:00 0 [System] [MY-013172] [Server] Received SHUTDOWN from user <via user signal>. Shutting down mysqld (Version: 8.0.23).
2022-08-25T22:25:34.083135+09:00 0 [System] [MY-010910] [Server] /usr/sbin/mysqld: Shutdown complete (mysqld 8.0.23)  MySQL Community Server - GPL.
